# JRE version: OpenJDK Runtime Environment (8.0_212-b04) (build 1.8.0_212-release-1586-b04)
# Java VM: OpenJDK 64-Bit Server VM (25.212-b04 mixed mode windows-amd64 compressed oops)
Heap:
 PSYoungGen      total 160256K, used 111153K [0x00000000d5f80000, 0x00000000e2100000, 0x0000000100000000)
  eden space 135680K, 63% used [0x00000000d5f80000,0x00000000db4139c0,0x00000000de400000)
  from space 24576K, 99% used [0x00000000e0180000,0x00000000e1978b80,0x00000000e1980000)
  to   space 30208K, 0% used [0x00000000de400000,0x00000000de400000,0x00000000e0180000)
 ParOldGen       total 101376K, used 34952K [0x0000000081e00000, 0x0000000088100000, 0x00000000d5f80000)
  object space 101376K, 34% used [0x0000000081e00000,0x00000000840220f0,0x0000000088100000)
 Metaspace       used 43711K, capacity 44227K, committed 44544K, reserved 1089536K
  class space    used 5369K, capacity 5544K, committed 5632K, reserved 1048576K
GC Heap History (10 events):
Event: 3.509 GC heap before
{Heap before GC invocations=4 (full 1):
 PSYoungGen      total 71680K, used 66560K [0x00000000d5f80000, 0x00000000daa80000, 0x0000000100000000)
  eden space 66560K, 100% used [0x00000000d5f80000,0x00000000da080000,0x00000000da080000)
  from space 5120K, 0% used [0x00000000da580000,0x00000000da580000,0x00000000daa80000)
  to   space 5120K, 0% used [0x00000000da080000,0x00000000da080000,0x00000000da580000)
 ParOldGen       total 66560K, used 9133K [0x0000000081e00000, 0x0000000085f00000, 0x00000000d5f80000)
  object space 66560K, 13% used [0x0000000081e00000,0x00000000826eb780,0x0000000085f00000)
 Metaspace       used 26218K, capacity 26686K, committed 27008K, reserved 1075200K
  class space    used 3298K, capacity 3408K, committed 3456K, reserved 1048576K
Event: 3.532 GC heap after
Heap after GC invocations=4 (full 1):
 PSYoungGen      total 71680K, used 5105K [0x00000000d5f80000, 0x00000000dc580000, 0x0000000100000000)
  eden space 66560K, 0% used [0x00000000d5f80000,0x00000000d5f80000,0x00000000da080000)
  from space 5120K, 99% used [0x00000000da080000,0x00000000da57c528,0x00000000da580000)
  to   space 5120K, 0% used [0x00000000dc080000,0x00000000dc080000,0x00000000dc580000)
 ParOldGen       total 66560K, used 18507K [0x0000000081e00000, 0x0000000085f00000, 0x00000000d5f80000)
  object space 66560K, 27% used [0x0000000081e00000,0x0000000083012ea8,0x0000000085f00000)
 Metaspace       used 26218K, capacity 26686K, committed 27008K, reserved 1075200K
  class space    used 3298K, capacity 3408K, committed 3456K, reserved 1048576K
}
Event: 3.699 GC heap before
{Heap before GC invocations=5 (full 1):
 PSYoungGen      total 71680K, used 11972K [0x00000000d5f80000, 0x00000000dc580000, 0x0000000100000000)
  eden space 66560K, 10% used [0x00000000d5f80000,0x00000000d6634c20,0x00000000da080000)
  from space 5120K, 99% used [0x00000000da080000,0x00000000da57c528,0x00000000da580000)
  to   space 5120K, 0% used [0x00000000dc080000,0x00000000dc080000,0x00000000dc580000)
 ParOldGen       total 66560K, used 18507K [0x0000000081e00000, 0x0000000085f00000, 0x00000000d5f80000)
  object space 66560K, 27% used [0x0000000081e00000,0x0000000083012ea8,0x0000000085f00000)
 Metaspace       used 27123K, capacity 27588K, committed 27736K, reserved 1075200K
  class space    used 3402K, capacity 3537K, committed 3584K, reserved 1048576K
Event: 3.711 GC heap after
Heap after GC invocations=5 (full 1):
 PSYoungGen      total 99328K, used 5105K [0x00000000d5f80000, 0x00000000dd000000, 0x0000000100000000)
  eden space 94208K, 0% used [0x00000000d5f80000,0x00000000d5f80000,0x00000000dbb80000)
  from space 5120K, 99% used [0x00000000dc080000,0x00000000dc57c528,0x00000000dc580000)
  to   space 5120K, 0% used [0x00000000dbb80000,0x00000000dbb80000,0x00000000dc080000)
 ParOldGen       total 66560K, used 20365K [0x0000000081e00000, 0x0000000085f00000, 0x00000000d5f80000)
  object space 66560K, 30% used [0x0000000081e00000,0x00000000831e36f0,0x0000000085f00000)
 Metaspace       used 27123K, capacity 27588K, committed 27736K, reserved 1075200K
  class space    used 3402K, capacity 3537K, committed 3584K, reserved 1048576K
}
Event: 3.711 GC heap before
{Heap before GC invocations=6 (full 2):
 PSYoungGen      total 99328K, used 5105K [0x00000000d5f80000, 0x00000000dd000000, 0x0000000100000000)
  eden space 94208K, 0% used [0x00000000d5f80000,0x00000000d5f80000,0x00000000dbb80000)
  from space 5120K, 99% used [0x00000000dc080000,0x00000000dc57c528,0x00000000dc580000)
  to   space 5120K, 0% used [0x00000000dbb80000,0x00000000dbb80000,0x00000000dc080000)
 ParOldGen       total 66560K, used 20365K [0x0000000081e00000, 0x0000000085f00000, 0x00000000d5f80000)
  object space 66560K, 30% used [0x0000000081e00000,0x00000000831e36f0,0x0000000085f00000)
 Metaspace       used 27123K, capacity 27588K, committed 27736K, reserved 1075200K
  class space    used 3402K, capacity 3537K, committed 3584K, reserved 1048576K
Event: 3.769 GC heap after
Heap after GC invocations=6 (full 2):
 PSYoungGen      total 99328K, used 0K [0x00000000d5f80000, 0x00000000dd000000, 0x0000000100000000)
  eden space 94208K, 0% used [0x00000000d5f80000,0x00000000d5f80000,0x00000000dbb80000)
  from space 5120K, 0% used [0x00000000dc080000,0x00000000dc080000,0x00000000dc580000)
  to   space 5120K, 0% used [0x00000000dbb80000,0x00000000dbb80000,0x00000000dc080000)
 ParOldGen       total 101376K, used 13262K [0x0000000081e00000, 0x0000000088100000, 0x00000000d5f80000)
  object space 101376K, 13% used [0x0000000081e00000,0x0000000082af39a0,0x0000000088100000)
 Metaspace       used 27123K, capacity 27588K, committed 27736K, reserved 1075200K
  class space    used 3402K, capacity 3537K, committed 3584K, reserved 1048576K
}
Event: 5.750 GC heap before
{Heap before GC invocations=7 (full 2):
 PSYoungGen      total 99328K, used 94208K [0x00000000d5f80000, 0x00000000dd000000, 0x0000000100000000)
  eden space 94208K, 100% used [0x00000000d5f80000,0x00000000dbb80000,0x00000000dbb80000)
  from space 5120K, 0% used [0x00000000dc080000,0x00000000dc080000,0x00000000dc580000)
  to   space 5120K, 0% used [0x00000000dbb80000,0x00000000dbb80000,0x00000000dc080000)
 ParOldGen       total 101376K, used 13262K [0x0000000081e00000, 0x0000000088100000, 0x00000000d5f80000)
  object space 101376K, 13% used [0x0000000081e00000,0x0000000082af39a0,0x0000000088100000)
 Metaspace       used 36290K, capacity 36833K, committed 37120K, reserved 1083392K
  class space    used 4573K, capacity 4742K, committed 4864K, reserved 1048576K
Event: 5.780 GC heap after
Heap after GC invocations=7 (full 2):
 PSYoungGen      total 99328K, used 5105K [0x00000000d5f80000, 0x00000000e1980000, 0x0000000100000000)
  eden space 94208K, 0% used [0x00000000d5f80000,0x00000000d5f80000,0x00000000dbb80000)
  from space 5120K, 99% used [0x00000000dbb80000,0x00000000dc07c7d0,0x00000000dc080000)
  to   space 24576K, 0% used [0x00000000e0180000,0x00000000e0180000,0x00000000e1980000)
 ParOldGen       total 101376K, used 32852K [0x0000000081e00000, 0x0000000088100000, 0x00000000d5f80000)
  object space 101376K, 32% used [0x0000000081e00000,0x0000000083e15200,0x0000000088100000)
 Metaspace       used 36290K, capacity 36833K, committed 37120K, reserved 1083392K
  class space    used 4573K, capacity 4742K, committed 4864K, reserved 1048576K
}
Event: 7.942 GC heap before
{Heap before GC invocations=8 (full 2):
 PSYoungGen      total 99328K, used 99313K [0x00000000d5f80000, 0x00000000e1980000, 0x0000000100000000)
  eden space 94208K, 100% used [0x00000000d5f80000,0x00000000dbb80000,0x00000000dbb80000)
  from space 5120K, 99% used [0x00000000dbb80000,0x00000000dc07c7d0,0x00000000dc080000)
  to   space 24576K, 0% used [0x00000000e0180000,0x00000000e0180000,0x00000000e1980000)
 ParOldGen       total 101376K, used 32852K [0x0000000081e00000, 0x0000000088100000, 0x00000000d5f80000)
  object space 101376K, 32% used [0x0000000081e00000,0x0000000083e15200,0x0000000088100000)
 Metaspace       used 37478K, capacity 38017K, committed 38400K, reserved 1085440K
  class space    used 4619K, capacity 4774K, committed 4864K, reserved 1048576K
Event: 7.964 GC heap after
Heap after GC invocations=8 (full 2):
 PSYoungGen      total 160256K, used 24546K [0x00000000d5f80000, 0x00000000e2100000, 0x0000000100000000)
  eden space 135680K, 0% used [0x00000000d5f80000,0x00000000d5f80000,0x00000000de400000)
  from space 24576K, 99% used [0x00000000e0180000,0x00000000e1978b80,0x00000000e1980000)
  to   space 30208K, 0% used [0x00000000de400000,0x00000000de400000,0x00000000e0180000)
 ParOldGen       total 101376K, used 34952K [0x0000000081e00000, 0x0000000088100000, 0x00000000d5f80000)
  object space 101376K, 34% used [0x0000000081e00000,0x00000000840220f0,0x0000000088100000)
 Metaspace       used 37478K, capacity 38017K, committed 38400K, reserved 1085440K
  class space    used 4619K, capacity 4774K, committed 4864K, reserved 1048576K
}

