# JRE version: OpenJDK Runtime Environment (8.0_212-b04) (build 1.8.0_212-release-1586-b04)
# Java VM: OpenJDK 64-Bit Server VM (25.212-b04 mixed mode windows-amd64 compressed oops)
Heap:
 PSYoungGen      total 259072K, used 128424K [0x00000000eab00000, 0x0000000100000000, 0x0000000100000000)
  eden space 168960K, 22% used [0x00000000eab00000,0x00000000ed06c258,0x00000000f5000000)
  from space 90112K, 99% used [0x00000000f5000000,0x00000000fa7fdfb8,0x00000000fa800000)
  to   space 90112K, 0% used [0x00000000fa800000,0x00000000fa800000,0x0000000100000000)
 ParOldGen       total 499712K, used 259351K [0x00000000c0000000, 0x00000000de800000, 0x00000000eab00000)
  object space 499712K, 51% used [0x00000000c0000000,0x00000000cfd45c60,0x00000000de800000)
 Metaspace       used 109481K, capacity 115948K, committed 118488K, reserved 1153024K
  class space    used 13286K, capacity 14688K, committed 15360K, reserved 1048576K
GC Heap History (10 events):
Event: 2944.192 GC heap before
{Heap before GC invocations=135 (full 12):
 PSYoungGen      total 318464K, used 30713K [0x00000000eab00000, 0x0000000100000000, 0x0000000100000000)
  eden space 287744K, 0% used [0x00000000eab00000,0x00000000eab00000,0x00000000fc400000)
  from space 30720K, 99% used [0x00000000fc400000,0x00000000fe1fe4d8,0x00000000fe200000)
  to   space 30720K, 0% used [0x00000000fe200000,0x00000000fe200000,0x0000000100000000)
 ParOldGen       total 407040K, used 365699K [0x00000000c0000000, 0x00000000d8d80000, 0x00000000eab00000)
  object space 407040K, 89% used [0x00000000c0000000,0x00000000d6520df0,0x00000000d8d80000)
 Metaspace       used 109371K, capacity 115908K, committed 118488K, reserved 1153024K
  class space    used 13284K, capacity 14690K, committed 15360K, reserved 1048576K
Event: 2944.905 GC heap after
Heap after GC invocations=135 (full 12):
 PSYoungGen      total 318464K, used 0K [0x00000000eab00000, 0x0000000100000000, 0x0000000100000000)
  eden space 287744K, 0% used [0x00000000eab00000,0x00000000eab00000,0x00000000fc400000)
  from space 30720K, 0% used [0x00000000fc400000,0x00000000fc400000,0x00000000fe200000)
  to   space 30720K, 0% used [0x00000000fe200000,0x00000000fe200000,0x0000000100000000)
 ParOldGen       total 407040K, used 300358K [0x00000000c0000000, 0x00000000d8d80000, 0x00000000eab00000)
  object space 407040K, 73% used [0x00000000c0000000,0x00000000d2551a50,0x00000000d8d80000)
 Metaspace       used 109352K, capacity 115856K, committed 118488K, reserved 1153024K
  class space    used 13278K, capacity 14678K, committed 15360K, reserved 1048576K
}
Event: 2946.703 GC heap before
{Heap before GC invocations=136 (full 12):
 PSYoungGen      total 318464K, used 287744K [0x00000000eab00000, 0x0000000100000000, 0x0000000100000000)
  eden space 287744K, 100% used [0x00000000eab00000,0x00000000fc400000,0x00000000fc400000)
  from space 30720K, 0% used [0x00000000fc400000,0x00000000fc400000,0x00000000fe200000)
  to   space 30720K, 0% used [0x00000000fe200000,0x00000000fe200000,0x0000000100000000)
 ParOldGen       total 407040K, used 300358K [0x00000000c0000000, 0x00000000d8d80000, 0x00000000eab00000)
  object space 407040K, 73% used [0x00000000c0000000,0x00000000d2551a50,0x00000000d8d80000)
 Metaspace       used 109440K, capacity 115938K, committed 118488K, reserved 1153024K
  class space    used 13281K, capacity 14681K, committed 15360K, reserved 1048576K
Event: 2946.755 GC heap after
Heap after GC invocations=136 (full 12):
 PSYoungGen      total 220160K, used 30689K [0x00000000eab00000, 0x0000000100000000, 0x0000000100000000)
  eden space 189440K, 0% used [0x00000000eab00000,0x00000000eab00000,0x00000000f6400000)
  from space 30720K, 99% used [0x00000000fe200000,0x00000000ffff86b8,0x0000000100000000)
  to   space 79872K, 0% used [0x00000000f6400000,0x00000000f6400000,0x00000000fb200000)
 ParOldGen       total 407040K, used 346775K [0x00000000c0000000, 0x00000000d8d80000, 0x00000000eab00000)
  object space 407040K, 85% used [0x00000000c0000000,0x00000000d52a5f50,0x00000000d8d80000)
 Metaspace       used 109440K, capacity 115938K, committed 118488K, reserved 1153024K
  class space    used 13281K, capacity 14681K, committed 15360K, reserved 1048576K
}
Event: 2947.999 GC heap before
{Heap before GC invocations=137 (full 12):
 PSYoungGen      total 220160K, used 220129K [0x00000000eab00000, 0x0000000100000000, 0x0000000100000000)
  eden space 189440K, 100% used [0x00000000eab00000,0x00000000f6400000,0x00000000f6400000)
  from space 30720K, 99% used [0x00000000fe200000,0x00000000ffff86b8,0x0000000100000000)
  to   space 79872K, 0% used [0x00000000f6400000,0x00000000f6400000,0x00000000fb200000)
 ParOldGen       total 407040K, used 346775K [0x00000000c0000000, 0x00000000d8d80000, 0x00000000eab00000)
  object space 407040K, 85% used [0x00000000c0000000,0x00000000d52a5f50,0x00000000d8d80000)
 Metaspace       used 109484K, capacity 115972K, committed 118488K, reserved 1153024K
  class space    used 13288K, capacity 14692K, committed 15360K, reserved 1048576K
Event: 2948.054 GC heap after
Heap after GC invocations=137 (full 12):
 PSYoungGen      total 269312K, used 37970K [0x00000000eab00000, 0x0000000100000000, 0x0000000100000000)
  eden space 189440K, 0% used [0x00000000eab00000,0x00000000eab00000,0x00000000f6400000)
  from space 79872K, 47% used [0x00000000f6400000,0x00000000f89149c8,0x00000000fb200000)
  to   space 78336K, 0% used [0x00000000fb380000,0x00000000fb380000,0x0000000100000000)
 ParOldGen       total 407040K, used 377513K [0x00000000c0000000, 0x00000000d8d80000, 0x00000000eab00000)
  object space 407040K, 92% used [0x00000000c0000000,0x00000000d70aa778,0x00000000d8d80000)
 Metaspace       used 109484K, capacity 115972K, committed 118488K, reserved 1153024K
  class space    used 13288K, capacity 14692K, committed 15360K, reserved 1048576K
}
Event: 2948.054 GC heap before
{Heap before GC invocations=138 (full 13):
 PSYoungGen      total 269312K, used 37970K [0x00000000eab00000, 0x0000000100000000, 0x0000000100000000)
  eden space 189440K, 0% used [0x00000000eab00000,0x00000000eab00000,0x00000000f6400000)
  from space 79872K, 47% used [0x00000000f6400000,0x00000000f89149c8,0x00000000fb200000)
  to   space 78336K, 0% used [0x00000000fb380000,0x00000000fb380000,0x0000000100000000)
 ParOldGen       total 407040K, used 377513K [0x00000000c0000000, 0x00000000d8d80000, 0x00000000eab00000)
  object space 407040K, 92% used [0x00000000c0000000,0x00000000d70aa778,0x00000000d8d80000)
 Metaspace       used 109484K, capacity 115972K, committed 118488K, reserved 1153024K
  class space    used 13288K, capacity 14692K, committed 15360K, reserved 1048576K
Event: 2948.247 GC heap after
Heap after GC invocations=138 (full 13):
 PSYoungGen      total 269312K, used 0K [0x00000000eab00000, 0x0000000100000000, 0x0000000100000000)
  eden space 189440K, 0% used [0x00000000eab00000,0x00000000eab00000,0x00000000f6400000)
  from space 79872K, 0% used [0x00000000f6400000,0x00000000f6400000,0x00000000fb200000)
  to   space 78336K, 0% used [0x00000000fb380000,0x00000000fb380000,0x0000000100000000)
 ParOldGen       total 499712K, used 193225K [0x00000000c0000000, 0x00000000de800000, 0x00000000eab00000)
  object space 499712K, 38% used [0x00000000c0000000,0x00000000cbcb26c0,0x00000000de800000)
 Metaspace       used 109469K, capacity 115948K, committed 118488K, reserved 1153024K
  class space    used 13286K, capacity 14688K, committed 15360K, reserved 1048576K
}
Event: 2948.666 GC heap before
{Heap before GC invocations=139 (full 13):
 PSYoungGen      total 269312K, used 189440K [0x00000000eab00000, 0x0000000100000000, 0x0000000100000000)
  eden space 189440K, 100% used [0x00000000eab00000,0x00000000f6400000,0x00000000f6400000)
  from space 79872K, 0% used [0x00000000f6400000,0x00000000f6400000,0x00000000fb200000)
  to   space 78336K, 0% used [0x00000000fb380000,0x00000000fb380000,0x0000000100000000)
 ParOldGen       total 499712K, used 193225K [0x00000000c0000000, 0x00000000de800000, 0x00000000eab00000)
  object space 499712K, 38% used [0x00000000c0000000,0x00000000cbcb26c0,0x00000000de800000)
 Metaspace       used 109476K, capacity 115948K, committed 118488K, reserved 1153024K
  class space    used 13286K, capacity 14688K, committed 15360K, reserved 1048576K
Event: 2948.713 GC heap after
Heap after GC invocations=139 (full 13):
 PSYoungGen      total 247296K, used 74051K [0x00000000eab00000, 0x0000000100000000, 0x0000000100000000)
  eden space 168960K, 0% used [0x00000000eab00000,0x00000000eab00000,0x00000000f5000000)
  from space 78336K, 94% used [0x00000000fb380000,0x00000000ffbd0c20,0x0000000100000000)
  to   space 90112K, 0% used [0x00000000f5000000,0x00000000f5000000,0x00000000fa800000)
 ParOldGen       total 499712K, used 193233K [0x00000000c0000000, 0x00000000de800000, 0x00000000eab00000)
  object space 499712K, 38% used [0x00000000c0000000,0x00000000cbcb46c0,0x00000000de800000)
 Metaspace       used 109476K, capacity 115948K, committed 118488K, reserved 1153024K
  class space    used 13286K, capacity 14688K, committed 15360K, reserved 1048576K
}

